<?xml version="1.0" encoding="UTF-8"?>
<testsuite xmlns:xsi="http://www.w3.org/2001/XMLSchema-instance" xsi:noNamespaceSchemaLocation="https://maven.apache.org/surefire/maven-surefire-plugin/xsd/surefire-test-report.xsd" name="com.magicmike.AppTest" time="0.029" tests="1" errors="0" skipped="0" failures="0">
  <properties>
    <property name="java.specification.version" value="16"/>
    <property name="sun.cpu.isalist" value="amd64"/>
    <property name="sun.jnu.encoding" value="Cp1252"/>
    <property name="java.class.path" value="C:\Users\miche\OneDrive\Documenti\Java\Scott_Galvo\target\test-classes;C:\Users\miche\OneDrive\Documenti\Java\Scott_Galvo\target\classes;C:\Users\miche\.m2\repository\com\magicMike\LoggerCore\1.0\LoggerCore-1.0.jar;C:\Users\miche\.m2\repository\org\jfree\jfreesvg\3.4\jfreesvg-3.4.jar;C:\Users\miche\.m2\repository\org\apache\commons\commons-csv\1.8\commons-csv-1.8.jar;C:\Users\miche\.m2\repository\org\jfree\jfreechart\1.5.0\jfreechart-1.5.0.jar;C:\Users\miche\.m2\repository\org\apache\commons\commons-math3\3.6.1\commons-math3-3.6.1.jar;C:\Users\miche\.m2\repository\org\apache\jmeter\jorphan\5.2.1\jorphan-5.2.1.jar;C:\Users\miche\.m2\repository\org\slf4j\slf4j-api\1.7.28\slf4j-api-1.7.28.jar;C:\Users\miche\.m2\repository\commons-io\commons-io\2.6\commons-io-2.6.jar;C:\Users\miche\.m2\repository\commons-collections\commons-collections\3.2.2\commons-collections-3.2.2.jar;C:\Users\miche\.m2\repository\org\apache\commons\commons-lang3\3.9\commons-lang3-3.9.jar;C:\Users\miche\.m2\repository\org\apache\commons\commons-text\1.8\commons-text-1.8.jar;C:\Users\miche\.m2\repository\com\magicMike\Device\1.0\Device-1.0.jar;C:\Users\miche\.m2\repository\com\fazecast\jSerialComm\2.7.0\jSerialComm-2.7.0.jar;C:\Users\miche\.m2\repository\com\MagicMike\LoggerCore\1.0\LoggerCore-1.0.jar;C:\Users\miche\.m2\repository\junit\junit\4.11\junit-4.11.jar;C:\Users\miche\.m2\repository\org\hamcrest\hamcrest-core\1.3\hamcrest-core-1.3.jar;"/>
    <property name="java.vm.vendor" value="Oracle Corporation"/>
    <property name="sun.arch.data.model" value="64"/>
    <property name="user.variant" value=""/>
    <property name="java.vendor.url" value="https://java.oracle.com/"/>
    <property name="user.timezone" value="Europe/Rome"/>
    <property name="os.name" value="Windows 10"/>
    <property name="java.vm.specification.version" value="16"/>
    <property name="sun.java.launcher" value="SUN_STANDARD"/>
    <property name="user.country" value="IT"/>
    <property name="sun.boot.library.path" value="C:\Program Files\Java\jdk-16.0.2\bin"/>
    <property name="sun.java.command" value="C:\Users\miche\AppData\Local\Temp\surefire12930976146940165138\surefirebooter6741134237280407552.jar C:\Users\miche\AppData\Local\Temp\surefire12930976146940165138 2021-10-07T12-21-02_085-jvmRun1 surefire1235686638425826155tmp surefire_08218205330919875374tmp"/>
    <property name="jdk.debug" value="release"/>
    <property name="surefire.test.class.path" value="C:\Users\miche\OneDrive\Documenti\Java\Scott_Galvo\target\test-classes;C:\Users\miche\OneDrive\Documenti\Java\Scott_Galvo\target\classes;C:\Users\miche\.m2\repository\com\magicMike\LoggerCore\1.0\LoggerCore-1.0.jar;C:\Users\miche\.m2\repository\org\jfree\jfreesvg\3.4\jfreesvg-3.4.jar;C:\Users\miche\.m2\repository\org\apache\commons\commons-csv\1.8\commons-csv-1.8.jar;C:\Users\miche\.m2\repository\org\jfree\jfreechart\1.5.0\jfreechart-1.5.0.jar;C:\Users\miche\.m2\repository\org\apache\commons\commons-math3\3.6.1\commons-math3-3.6.1.jar;C:\Users\miche\.m2\repository\org\apache\jmeter\jorphan\5.2.1\jorphan-5.2.1.jar;C:\Users\miche\.m2\repository\org\slf4j\slf4j-api\1.7.28\slf4j-api-1.7.28.jar;C:\Users\miche\.m2\repository\commons-io\commons-io\2.6\commons-io-2.6.jar;C:\Users\miche\.m2\repository\commons-collections\commons-collections\3.2.2\commons-collections-3.2.2.jar;C:\Users\miche\.m2\repository\org\apache\commons\commons-lang3\3.9\commons-lang3-3.9.jar;C:\Users\miche\.m2\repository\org\apache\commons\commons-text\1.8\commons-text-1.8.jar;C:\Users\miche\.m2\repository\com\magicMike\Device\1.0\Device-1.0.jar;C:\Users\miche\.m2\repository\com\fazecast\jSerialComm\2.7.0\jSerialComm-2.7.0.jar;C:\Users\miche\.m2\repository\com\MagicMike\LoggerCore\1.0\LoggerCore-1.0.jar;C:\Users\miche\.m2\repository\junit\junit\4.11\junit-4.11.jar;C:\Users\miche\.m2\repository\org\hamcrest\hamcrest-core\1.3\hamcrest-core-1.3.jar;"/>
    <property name="sun.cpu.endian" value="little"/>
    <property name="user.home" value="C:\Users\miche"/>
    <property name="user.language" value="it"/>
    <property name="java.specification.vendor" value="Oracle Corporation"/>
    <property name="java.version.date" value="2021-07-20"/>
    <property name="java.home" value="C:\Program Files\Java\jdk-16.0.2"/>
    <property name="file.separator" value="\"/>
    <property name="basedir" value="C:\Users\miche\OneDrive\Documenti\Java\Scott_Galvo"/>
    <property name="java.vm.compressedOopsMode" value="Zero based"/>
    <property name="line.separator" value="&#10;"/>
    <property name="java.vm.specification.vendor" value="Oracle Corporation"/>
    <property name="java.specification.name" value="Java Platform API Specification"/>
    <property name="surefire.real.class.path" value="C:\Users\miche\AppData\Local\Temp\surefire12930976146940165138\surefirebooter6741134237280407552.jar"/>
    <property name="user.script" value=""/>
    <property name="sun.management.compiler" value="HotSpot 64-Bit Tiered Compilers"/>
    <property name="java.runtime.version" value="16.0.2+7-67"/>
    <property name="user.name" value="michele"/>
    <property name="path.separator" value=";"/>
    <property name="os.version" value="10.0"/>
    <property name="java.runtime.name" value="Java(TM) SE Runtime Environment"/>
    <property name="file.encoding" value="Cp1252"/>
    <property name="java.vm.name" value="Java HotSpot(TM) 64-Bit Server VM"/>
    <property name="localRepository" value="C:\Users\miche\.m2\repository"/>
    <property name="java.vendor.url.bug" value="https://bugreport.java.com/bugreport/"/>
    <property name="java.io.tmpdir" value="C:\Users\miche\AppData\Local\Temp\"/>
    <property name="java.version" value="16.0.2"/>
    <property name="user.dir" value="C:\Users\miche\OneDrive\Documenti\Java\Scott_Galvo"/>
    <property name="os.arch" value="amd64"/>
    <property name="java.vm.specification.name" value="Java Virtual Machine Specification"/>
    <property name="sun.os.patch.level" value=""/>
    <property name="java.library.path" value="C:\Program Files\Java\jdk-16.0.2\bin;C:\WINDOWS\Sun\Java\bin;C:\WINDOWS\system32;C:\WINDOWS;C:\Program Files\Common Files\Oracle\Java\javapath;C:\WINDOWS\system32;C:\WINDOWS;C:\WINDOWS\System32\Wbem;C:\WINDOWS\System32\WindowsPowerShell\v1.0\;C:\WINDOWS\System32\OpenSSH\;C:\Program Files\apache-maven-3.8.2\bin;C:\Program Files\CMake\bin;C:\Program Files\Git\cmd;C:\Program Files (x86)\mingw-w64\i686-8.1.0-posix-dwarf-rt_v6-rev0\mingw32\bin;C:\Program Files\Inkscape\bin;C:\Users\miche\AppData\Local\Microsoft\WindowsApps;;C:\Users\miche\AppData\Local\Programs\Microsoft VS Code\bin;."/>
    <property name="java.vm.info" value="mixed mode, sharing"/>
    <property name="java.vendor" value="Oracle Corporation"/>
    <property name="java.vm.version" value="16.0.2+7-67"/>
    <property name="sun.io.unicode.encoding" value="UnicodeLittle"/>
    <property name="java.class.version" value="60.0"/>
  </properties>
  <testcase name="shouldAnswerWithTrue" classname="com.magicmike.AppTest" time="0.001"/>
</testsuite>